<?xml version="1.0" encoding="UTF-8"?>
<!-- Generated by org.testng.reporters.JUnitReportReporter -->
<testsuite hostname="MIDHUNA" failures="0" tests="2" name="testNGsamples.AlertHandling" time="12.677" errors="0" timestamp="2023-01-20T13:42:27 IST" skipped="0">
  <testcase classname="testNGsamples.AlertHandling" name="alertAccepting" time="7.505"/>
  <system-out/>
  <testcase classname="testNGsamples.AlertHandling" name="alertCancelling" time="5.172"/>
  <system-out/>
</testsuite> <!-- testNGsamples.AlertHandling -->
