<?xml version="1.0" encoding="UTF-8"?>
<!-- Generated by org.testng.reporters.JUnitReportReporter -->
<testsuite hostname="MIDHUNA" failures="0" tests="1" name="testNGsamples.WaitsInSelenium" time="26.089" errors="0" timestamp="2023-01-20T13:41:55 IST" skipped="0">
  <testcase classname="testNGsamples.WaitsInSelenium" name="verifySearchFunctionalityByUsingClientName" time="26.089"/>
  <system-out/>
</testsuite> <!-- testNGsamples.WaitsInSelenium -->
