<?xml version="1.0" encoding="UTF-8"?>
<!-- Generated by org.testng.reporters.JUnitReportReporter -->
<testsuite hostname="MIDHUNA" failures="0" tests="2" name="testNGassignments.Assignment6Table" time="69.203" errors="0" timestamp="2023-02-01T01:44:13 IST" skipped="0">
  <testcase classname="testNGassignments.Assignment6Table" name="verifyAddedProductIsAvailableOrNotInTheTable" time="35.595"/>
  <system-out/>
  <testcase classname="testNGassignments.Assignment6Table" name="verifyTheEditFuntionalityOfTheAddedProduct" time="33.608"/>
  <system-out/>
</testsuite> <!-- testNGassignments.Assignment6Table -->
