<?xml version="1.0" encoding="UTF-8"?>
<!-- Generated by org.testng.reporters.JUnitReportReporter -->
<testsuite hostname="MIDHUNA" failures="0" tests="5" name="testNGassignments.Assignment5WindowHandles" time="61.169" errors="0" timestamp="2023-01-26T02:44:55 IST" skipped="0">
  <testcase classname="testNGassignments.Assignment5WindowHandles" name="correctWindowOpenedWhileClickingOpenNewWindowButton" time="10.968"/>
  <system-out/>
  <testcase classname="testNGassignments.Assignment5WindowHandles" name="registrationSuccessfulOrNot" time="21.020"/>
  <system-out/>
  <testcase classname="testNGassignments.Assignment5WindowHandles" name="verifyCorrectWindowOpenedWhileClickingOpenNewTabButton" time="9.705"/>
  <system-out/>
  <testcase classname="testNGassignments.Assignment5WindowHandles" name="verifySimpleAlertAcceptedOrNotWhileClicking1stClickMeButton" time="9.222"/>
  <system-out/>
  <testcase classname="testNGassignments.Assignment5WindowHandles" name="verifyPromptAlertAcceptedOrNotWhileClicking3stClickMeButton" time="10.254"/>
  <system-out/>
</testsuite> <!-- testNGassignments.Assignment5WindowHandles -->
