<?xml version="1.0" encoding="UTF-8"?>
<!-- Generated by org.testng.reporters.JUnitReportReporter -->
<testsuite hostname="MIDHUNA" failures="0" tests="1" name="testNGassignments.Assignment3" time="8.535" errors="0" timestamp="2023-01-21T23:49:30 IST" skipped="0">
  <testcase classname="testNGassignments.Assignment3" name="alertHandling" time="8.535"/>
  <system-out/>
</testsuite> <!-- testNGassignments.Assignment3 -->
