<?xml version="1.0" encoding="UTF-8"?>
<!-- Generated by org.testng.reporters.JUnitReportReporter -->
<testsuite hostname="MIDHUNA" failures="0" tests="4" name="testNGassignments.Assignment7TestClassForLogin" time="16.986" errors="0" timestamp="2023-02-10T00:36:48 IST" skipped="0">
  <testcase classname="testNGassignments.Assignment7TestClassForLogin" name="verifyUnsuccessFullLogin" time="3.195"/>
  <system-out/>
  <testcase classname="testNGassignments.Assignment7TestClassForLogin" name="verifySuccessFullLogin" time="7.255"/>
  <system-out/>
  <testcase classname="testNGassignments.Assignment7TestClassForLogin" name="verifyUnsuccessFullLogin" time="3.195"/>
  <system-out/>
  <testcase classname="testNGassignments.Assignment7TestClassForLogin" name="verifyUnsuccessFullLogin" time="3.341"/>
  <system-out/>
</testsuite> <!-- testNGassignments.Assignment7TestClassForLogin -->
