<?xml version="1.0" encoding="UTF-8"?>
<!-- Generated by org.testng.reporters.JUnitReportReporter -->
<testsuite hostname="MIDHUNA" failures="0" tests="6" name="testNGsamples.PriorityAndEnabled" time="18.894" errors="0" timestamp="2023-01-18T00:59:41 IST" skipped="2">
  <testcase classname="testNGsamples.PriorityAndEnabled" name="verifyApplicationCorrectlyOpensWhileGitingUrl" time="3.345"/>
  <system-out/>
  <testcase classname="testNGsamples.PriorityAndEnabled" name="verifyLogoDisplayedOrNot" time="5.737"/>
  <system-out/>
  <testcase classname="testNGsamples.PriorityAndEnabled" name="signInUsingInvalidUsernameAndPasswordinHomepage" time="4.632"/>
  <system-out/>
  <testcase classname="testNGsamples.PriorityAndEnabled" name="verifySuccessfulSignOn" time="5.180"/>
  <system-out/>
  <testcase classname="testNGsamples.PriorityAndEnabled" name="registerLinkClickableOrNot">
    <skipped/>
  </testcase> <!-- registerLinkClickableOrNot -->
  <system-out/>
  <testcase classname="testNGsamples.PriorityAndEnabled" name="oneWayRadioButtonSelectedbyDefaultOrnot">
    <skipped/>
  </testcase> <!-- oneWayRadioButtonSelectedbyDefaultOrnot -->
  <system-out/>
</testsuite> <!-- testNGsamples.PriorityAndEnabled -->
