<?xml version="1.0" encoding="UTF-8"?>
<!-- Generated by org.testng.reporters.JUnitReportReporter -->
<testsuite hostname="MIDHUNA" failures="0" tests="4" name="testNGassignments.Assignment4" time="44.439" errors="0" timestamp="2023-01-21T23:52:30 IST" skipped="0">
  <testcase classname="testNGassignments.Assignment4" name="successfullLogin" time="8.383"/>
  <system-out/>
  <testcase classname="testNGassignments.Assignment4" name="unSuccessfullLogin" time="4.221"/>
  <system-out/>
  <testcase classname="testNGassignments.Assignment4" name="dashBoardPageDisplayed" time="6.271"/>
  <system-out/>
  <testcase classname="testNGassignments.Assignment4" name="creationOfNewClient" time="25.564"/>
  <system-out/>
</testsuite> <!-- testNGassignments.Assignment4 -->
