<?xml version="1.0" encoding="UTF-8"?>
<!-- Generated by org.testng.reporters.JUnitReportReporter -->
<testsuite hostname="MIDHUNA" failures="0" tests="1" name="testNGsamples.DragandDrop" time="7.051" errors="0" timestamp="2023-02-02T01:55:13 IST" skipped="0">
  <testcase classname="testNGsamples.DragandDrop" name="dragAndDrop" time="7.051"/>
  <system-out/>
</testsuite> <!-- testNGsamples.DragandDrop -->
