<?xml version="1.0" encoding="UTF-8"?>
<!-- Generated by org.testng.reporters.JUnitReportReporter -->
<testsuite hostname="MIDHUNA" failures="0" tests="1" name="testNGsamples.MultipleWindowHandles" time="17.889" errors="0" timestamp="2023-01-26T01:03:29 IST" skipped="0">
  <testcase classname="testNGsamples.MultipleWindowHandles" name="multipleWindowHandling" time="17.889"/>
  <system-out/>
</testsuite> <!-- testNGsamples.MultipleWindowHandles -->
