<?xml version="1.0" encoding="UTF-8"?>
<!-- Generated by org.testng.reporters.JUnitReportReporter -->
<testsuite hostname="MIDHUNA" failures="0" tests="1" name="testNGsamples.DropDownTest" time="20.333" errors="0" timestamp="2023-01-15T23:53:30 IST" skipped="0">
  <testcase classname="testNGsamples.DropDownTest" name="afterMethodTest" time="20.333"/>
  <system-out/>
</testsuite> <!-- testNGsamples.DropDownTest -->
