<?xml version="1.0" encoding="UTF-8"?>
<!-- Generated by org.testng.reporters.JUnitReportReporter -->
<testsuite hostname="MIDHUNA" failures="0" tests="1" name="testNGsamples.DragandDrop" time="12.312" errors="0" timestamp="2023-01-31T19:39:48 IST" skipped="0">
  <testcase classname="testNGsamples.DragandDrop" name="dragAndDrop" time="12.312"/>
  <system-out/>
</testsuite> <!-- testNGsamples.DragandDrop -->
