<?xml version="1.0" encoding="UTF-8"?>
<!-- Generated by org.testng.reporters.JUnitReportReporter -->
<testsuite hostname="MIDHUNA" failures="0" tests="1" name="testNGsamples.KeyBoardAndMouseHandling" time="9.391" errors="0" timestamp="2023-01-31T19:18:40 IST" skipped="0">
  <testcase classname="testNGsamples.KeyBoardAndMouseHandling" name="mouseHandling" time="9.391"/>
  <system-out/>
</testsuite> <!-- testNGsamples.KeyBoardAndMouseHandling -->
