<?xml version="1.0" encoding="UTF-8"?>
<!-- Generated by org.testng.reporters.JUnitReportReporter -->
<testsuite hostname="MIDHUNA" failures="0" tests="1" name="testNGsamples.FileUpload" time="8.109" errors="0" timestamp="2023-01-23T23:50:10 IST" skipped="0">
  <testcase classname="testNGsamples.FileUpload" name="fileUploadUsingSendKeys" time="8.109"/>
  <system-out/>
</testsuite> <!-- testNGsamples.FileUpload -->
