<?xml version="1.0" encoding="UTF-8"?>
<!-- Generated by org.testng.reporters.JUnitReportReporter -->
<testsuite hostname="MIDHUNA" failures="0" tests="1" name="testNGassignments.Assignment2" time="8.509" errors="0" timestamp="2023-01-23T10:06:13 IST" skipped="0">
  <testcase classname="testNGassignments.Assignment2" name="printTheDetailsOfTigerNixon" time="8.509"/>
  <system-out/>
</testsuite> <!-- testNGassignments.Assignment2 -->
