<?xml version="1.0" encoding="UTF-8"?>
<!-- Generated by org.testng.reporters.JUnitReportReporter -->
<testsuite hostname="MIDHUNA" failures="0" tests="2" name="testNGassignments.Assignment6Table" time="71.740" errors="0" timestamp="2023-02-08T22:57:31 IST" skipped="0">
  <testcase classname="testNGassignments.Assignment6Table" name="verifyAddedProductIsAvailableOrNotInTheTable" time="39.252"/>
  <system-out/>
  <testcase classname="testNGassignments.Assignment6Table" name="verifyTheEditFuntionalityOfTheAddedProduct" time="32.488"/>
  <system-out/>
</testsuite> <!-- testNGassignments.Assignment6Table -->
