<?xml version="1.0" encoding="UTF-8"?>
<!-- Generated by org.testng.reporters.JUnitReportReporter -->
<testsuite hostname="MIDHUNA" failures="0" tests="2" name="testNGsamples.KeyBoardAndMouseHandling" time="10.542" errors="0" timestamp="2023-02-02T01:53:20 IST" skipped="0">
  <testcase classname="testNGsamples.KeyBoardAndMouseHandling" name="mouseHandling" time="5.068"/>
  <system-out/>
  <testcase classname="testNGsamples.KeyBoardAndMouseHandling" name="verifyEnteredMessage" time="5.474"/>
  <system-out/>
</testsuite> <!-- testNGsamples.KeyBoardAndMouseHandling -->
