<?xml version="1.0" encoding="UTF-8"?>
<!-- Generated by org.testng.reporters.JUnitReportReporter -->
<testsuite hostname="MIDHUNA" failures="0" tests="2" name="testNGsamples.BrowserCommands" time="11.344" errors="0" timestamp="2023-01-15T23:39:57 IST" skipped="0">
  <testcase classname="testNGsamples.BrowserCommands" name="getTitleMethod" time="6.951"/>
  <system-out/>
  <testcase classname="testNGsamples.BrowserCommands" name="getUrlByClickingInputForm" time="4.393"/>
  <system-out/>
</testsuite> <!-- testNGsamples.BrowserCommands -->
