<?xml version="1.0" encoding="UTF-8"?>
<!-- Generated by org.testng.reporters.JUnitReportReporter -->
<testsuite hostname="MIDHUNA" failures="0" tests="1" name="testNGsamples.TableXpath" time="9.256" errors="0" timestamp="2023-01-17T11:02:07 IST" skipped="0">
  <testcase classname="testNGsamples.TableXpath" name="clientDetailsOfTom" time="9.256"/>
  <system-out/>
</testsuite> <!-- testNGsamples.TableXpath -->
