<?xml version="1.0" encoding="UTF-8"?>
<!-- Generated by org.testng.reporters.JUnitReportReporter -->
<testsuite hostname="MIDHUNA" failures="0" tests="2" name="executeClass.LoginPageTestClass" time="7.889" errors="0" timestamp="2023-02-10T23:12:29 IST" skipped="0">
  <testcase classname="executeClass.LoginPageTestClass" name="verifyTheLoginPAgeIsDisplayedWhileOpeningUrl" time="4.748"/>
  <system-out/>
  <testcase classname="executeClass.LoginPageTestClass" name="verifySuccessFullLogin" time="3.141"/>
  <system-out/>
</testsuite> <!-- executeClass.LoginPageTestClass -->
