<?xml version="1.0" encoding="UTF-8"?>
<!-- Generated by org.testng.reporters.JUnitReportReporter -->
<testsuite hostname="MIDHUNA" failures="0" tests="1" name="testNGsamples.Navigation" time="7.415" errors="0" timestamp="2023-01-14T10:51:38 IST" skipped="0">
  <testcase classname="testNGsamples.Navigation" name="navigation" time="7.415"/>
  <system-out/>
</testsuite> <!-- testNGsamples.Navigation -->
