<?xml version="1.0" encoding="UTF-8"?>
<!-- Generated by org.testng.reporters.JUnitReportReporter -->
<testsuite hostname="MIDHUNA" failures="0" tests="5" name="testNGsamples.DataProviderClass" time="0.014" errors="0" timestamp="2023-02-10T01:08:48 IST" skipped="0">
  <testcase classname="testNGsamples.DataProviderClass" name="subtraction" time="0.002"/>
  <system-out/>
  <testcase classname="testNGsamples.DataProviderClass" name="add" time="0.009"/>
  <system-out/>
  <testcase classname="testNGsamples.DataProviderClass" name="multiplication" time="0.001"/>
  <system-out/>
  <testcase classname="testNGsamples.DataProviderClass" name="add" time="0.001"/>
  <system-out/>
  <testcase classname="testNGsamples.DataProviderClass" name="multiplication" time="0.001"/>
  <system-out/>
</testsuite> <!-- testNGsamples.DataProviderClass -->
