<?xml version="1.0" encoding="UTF-8"?>
<!-- Generated by org.testng.reporters.JUnitReportReporter -->
<testsuite hostname="MIDHUNA" failures="0" tests="5" name="testNGsamples.DataProviderTestClass" time="0.013" errors="0" timestamp="2023-02-10T01:08:56 IST" skipped="0">
  <testcase classname="testNGsamples.DataProviderTestClass" name="mult" time="0.002"/>
  <system-out/>
  <testcase classname="testNGsamples.DataProviderTestClass" name="addition" time="0.002"/>
  <system-out/>
  <testcase classname="testNGsamples.DataProviderTestClass" name="sub" time="0.001"/>
  <system-out/>
  <testcase classname="testNGsamples.DataProviderTestClass" name="sub" time="0.001"/>
  <system-out/>
  <testcase classname="testNGsamples.DataProviderTestClass" name="addition" time="0.007"/>
  <system-out/>
</testsuite> <!-- testNGsamples.DataProviderTestClass -->
