<?xml version="1.0" encoding="UTF-8"?>
<!-- Generated by org.testng.reporters.JUnitReportReporter -->
<testsuite hostname="MIDHUNA" failures="0" tests="2" name="testNGsamples.BasicAnnotations" time="8.498" errors="0" timestamp="2023-01-16T10:04:48 IST" skipped="0">
  <testcase classname="testNGsamples.BasicAnnotations" name="isLogoVisibleOrNot" time="4.311"/>
  <system-out/>
  <testcase classname="testNGsamples.BasicAnnotations" name="verifyTheTitleOfThePage" time="4.187"/>
  <system-out/>
</testsuite> <!-- testNGsamples.BasicAnnotations -->
