<?xml version="1.0" encoding="UTF-8"?>
<!-- Generated by org.testng.reporters.JUnitReportReporter -->
<testsuite hostname="MIDHUNA" failures="0" tests="6" name="testNGassignments.Assignment1" time="24.106" errors="0" timestamp="2023-01-18T01:02:34 IST" skipped="0">
  <testcase classname="testNGassignments.Assignment1" name="verifyApplicationCorrectlyOpensWhileGitingUrl" time="3.278"/>
  <system-out/>
  <testcase classname="testNGassignments.Assignment1" name="verifyLogoDisplayedOrNot" time="3.052"/>
  <system-out/>
  <testcase classname="testNGassignments.Assignment1" name="verifySuccessfulSignOn" time="5.194"/>
  <system-out/>
  <testcase classname="testNGassignments.Assignment1" name="signInUsingInvalidUsernameAndPasswordinHomepage" time="4.076"/>
  <system-out/>
  <testcase classname="testNGassignments.Assignment1" name="registerLinkClickableOrNot" time="3.813"/>
  <system-out/>
  <testcase classname="testNGassignments.Assignment1" name="oneWayRadioButtonSelectedbyDefaultOrnot" time="4.693"/>
  <system-out/>
</testsuite> <!-- testNGassignments.Assignment1 -->
