<?xml version="1.0" encoding="UTF-8"?>
<!-- Generated by org.testng.reporters.JUnitReportReporter -->
<testsuite hostname="MIDHUNA" failures="0" tests="4" name="executeClass.LoginPageExecuteClassAssignment8" time="15.684" errors="0" timestamp="2023-02-11T14:16:31 IST" skipped="0">
  <testcase classname="executeClass.LoginPageExecuteClassAssignment8" name="verifyUnsuccessFullLogin" time="3.739"/>
  <system-out/>
  <testcase classname="executeClass.LoginPageExecuteClassAssignment8" name="verifyRememberMeCheckBoxSelectedByDefault" time="5.468"/>
  <system-out/>
  <testcase classname="executeClass.LoginPageExecuteClassAssignment8" name="verifyUnsuccessFullLogin" time="3.164"/>
  <system-out/>
  <testcase classname="executeClass.LoginPageExecuteClassAssignment8" name="verifyUnsuccessFullLogin" time="3.313"/>
  <system-out/>
</testsuite> <!-- executeClass.LoginPageExecuteClassAssignment8 -->
