<?xml version="1.0" encoding="UTF-8"?>
<!-- Generated by org.testng.reporters.JUnitReportReporter -->
<testsuite hostname="MIDHUNA" failures="0" tests="1" name="testNGsamples.WebElementCommands" time="6.391" errors="0" timestamp="2023-01-16T00:15:33 IST" skipped="0">
  <testcase classname="testNGsamples.WebElementCommands" name="inputFormClickGetMessage" time="6.391"/>
  <system-out/>
</testsuite> <!-- testNGsamples.WebElementCommands -->
