<?xml version="1.0" encoding="UTF-8"?>
<!-- Generated by org.testng.reporters.JUnitReportReporter -->
<testsuite hostname="MIDHUNA" failures="0" tests="4" name="testNGsamples.TestClassForLogin" time="13.611" errors="0" timestamp="2023-02-09T12:19:14 IST" skipped="0">
  <testcase classname="testNGsamples.TestClassForLogin" name="verifySuccessFullLogin" time="3.541"/>
  <system-out/>
  <testcase classname="testNGsamples.TestClassForLogin" name="verifyUnsuccessFullLogin" time="2.841"/>
  <system-out/>
  <testcase classname="testNGsamples.TestClassForLogin" name="verifyUnsuccessFullLogin" time="2.870"/>
  <system-out/>
  <testcase classname="testNGsamples.TestClassForLogin" name="verifyUnsuccessFullLogin" time="4.359"/>
  <system-out/>
</testsuite> <!-- testNGsamples.TestClassForLogin -->
